<?xml version="1.0" encoding="UTF-8"?>
<testsuite name="com.uca.Tests" tests="5" skipped="0" failures="0" errors="0" timestamp="2023-04-03T08:54:03" hostname="DESKTOP-UH41APM" time="0.089">
  <properties/>
  <testcase name="outOfRange()" classname="com.uca.Tests" time="0.047"/>
  <testcase name="comparison()" classname="com.uca.Tests" time="0.003"/>
  <testcase name="testConverter()" classname="com.uca.Tests" time="0.031"/>
  <testcase name="charRepetition()" classname="com.uca.Tests" time="0.003"/>
  <testcase name="negativeNumber()" classname="com.uca.Tests" time="0.001"/>
  <system-out><![CDATA[]]></system-out>
  <system-err><![CDATA[]]></system-err>
</testsuite>
